Remaining time to nominal termination deadline: 64800 s.
execute.sh: Failed to locate training process PID.
WARNING: Error changing the container working directory. Using '/' instead: chdir /home/apatrizi: no such file or directory

launch_training.sh: logging output to->
remote env: /root/ibrido_logs/ibrido_run__2025_12_18_16_30_03_ID177847/ibrido_remote_env___2025_12_18_16_30_03_ID177847.log
rhc cluster: /root/ibrido_logs/ibrido_run__2025_12_18_16_30_03_ID177847/ibrido_rhc_cluster___2025_12_18_16_30_03_ID177847.log
train. env: /root/ibrido_logs/ibrido_run__2025_12_18_16_30_03_ID177847/ibrido_train_env___2025_12_18_16_30_03_ID177847.log
log bag: /root/ibrido_logs/ibrido_run__2025_12_18_16_30_03_ID177847/ibrido_rosbag_env___2025_12_18_16_30_03_ID177847.log

Will use shared memory namespace centauro_big_wheels_no_yaw_ub_2025_12_18_16_30_03_ID177847
wandb: WARNING Path /wandb/ wasn't writable, using system temp directory
wandb: WARNING Failed to create global config settings in: /root/.config/wandb. Settings will not be persisted.
wandb: Appending key for api.wandb.ai to your netrc file: /root/.netrc
wandb: W&B API key is configured. Use `wandb login --relogin` to force relogin
Remaining time to nominal termination deadline: 64560 s.
Remaining time to nominal termination deadline: 64319 s.
Remaining time to nominal termination deadline: 64079 s.
Remaining time to nominal termination deadline: 63839 s.
Remaining time to nominal termination deadline: 63599 s.
Remaining time to nominal termination deadline: 63359 s.
Remaining time to nominal termination deadline: 63119 s.
Remaining time to nominal termination deadline: 62879 s.
Remaining time to nominal termination deadline: 62639 s.
Remaining time to nominal termination deadline: 62399 s.
Remaining time to nominal termination deadline: 62159 s.
Remaining time to nominal termination deadline: 61919 s.
Remaining time to nominal termination deadline: 61679 s.
Remaining time to nominal termination deadline: 61439 s.
Remaining time to nominal termination deadline: 61199 s.
Remaining time to nominal termination deadline: 60958 s.
Remaining time to nominal termination deadline: 60718 s.
Remaining time to nominal termination deadline: 60478 s.
Remaining time to nominal termination deadline: 60238 s.
Remaining time to nominal termination deadline: 59998 s.
Remaining time to nominal termination deadline: 59758 s.
Remaining time to nominal termination deadline: 59518 s.
Remaining time to nominal termination deadline: 59278 s.
Remaining time to nominal termination deadline: 59038 s.
Remaining time to nominal termination deadline: 58798 s.
Remaining time to nominal termination deadline: 58558 s.
Remaining time to nominal termination deadline: 58317 s.
Remaining time to nominal termination deadline: 58077 s.
Remaining time to nominal termination deadline: 57837 s.
Remaining time to nominal termination deadline: 57597 s.
Remaining time to nominal termination deadline: 57357 s.
Remaining time to nominal termination deadline: 57117 s.
Remaining time to nominal termination deadline: 56877 s.
Remaining time to nominal termination deadline: 56637 s.
Remaining time to nominal termination deadline: 56397 s.
Remaining time to nominal termination deadline: 56157 s.
Remaining time to nominal termination deadline: 55917 s.
Remaining time to nominal termination deadline: 55677 s.
Remaining time to nominal termination deadline: 55437 s.
Remaining time to nominal termination deadline: 55197 s.
Remaining time to nominal termination deadline: 54957 s.
Remaining time to nominal termination deadline: 54717 s.
Remaining time to nominal termination deadline: 54477 s.
Remaining time to nominal termination deadline: 54237 s.
Remaining time to nominal termination deadline: 53997 s.
Remaining time to nominal termination deadline: 53757 s.
Remaining time to nominal termination deadline: 53517 s.
Remaining time to nominal termination deadline: 53277 s.
Remaining time to nominal termination deadline: 53037 s.
Remaining time to nominal termination deadline: 52797 s.
Remaining time to nominal termination deadline: 52557 s.
Remaining time to nominal termination deadline: 52317 s.
Remaining time to nominal termination deadline: 52077 s.
Remaining time to nominal termination deadline: 51837 s.
Remaining time to nominal termination deadline: 51597 s.
Remaining time to nominal termination deadline: 51357 s.
Remaining time to nominal termination deadline: 51117 s.
Remaining time to nominal termination deadline: 50877 s.
Remaining time to nominal termination deadline: 50636 s.
Remaining time to nominal termination deadline: 50396 s.
Remaining time to nominal termination deadline: 50156 s.
Remaining time to nominal termination deadline: 49916 s.
Remaining time to nominal termination deadline: 49676 s.
Remaining time to nominal termination deadline: 49436 s.
Remaining time to nominal termination deadline: 49196 s.
Remaining time to nominal termination deadline: 48956 s.
Remaining time to nominal termination deadline: 48716 s.
Remaining time to nominal termination deadline: 48476 s.
Remaining time to nominal termination deadline: 48236 s.
Remaining time to nominal termination deadline: 47996 s.
Remaining time to nominal termination deadline: 47756 s.
Remaining time to nominal termination deadline: 47516 s.
Remaining time to nominal termination deadline: 47276 s.
Remaining time to nominal termination deadline: 47036 s.
Remaining time to nominal termination deadline: 46796 s.
Remaining time to nominal termination deadline: 46556 s.
Remaining time to nominal termination deadline: 46315 s.
Remaining time to nominal termination deadline: 46075 s.
Remaining time to nominal termination deadline: 45835 s.
Remaining time to nominal termination deadline: 45595 s.
Remaining time to nominal termination deadline: 45355 s.
Remaining time to nominal termination deadline: 45115 s.
Remaining time to nominal termination deadline: 44875 s.
Remaining time to nominal termination deadline: 44635 s.
Remaining time to nominal termination deadline: 44395 s.
Remaining time to nominal termination deadline: 44155 s.
Remaining time to nominal termination deadline: 43915 s.
Remaining time to nominal termination deadline: 43675 s.
Remaining time to nominal termination deadline: 43435 s.
Remaining time to nominal termination deadline: 43195 s.
Remaining time to nominal termination deadline: 42955 s.
Remaining time to nominal termination deadline: 42715 s.
Remaining time to nominal termination deadline: 42475 s.
Remaining time to nominal termination deadline: 42235 s.
Remaining time to nominal termination deadline: 41995 s.
Remaining time to nominal termination deadline: 41755 s.
Remaining time to nominal termination deadline: 41515 s.
Remaining time to nominal termination deadline: 41275 s.
Remaining time to nominal termination deadline: 41035 s.
Remaining time to nominal termination deadline: 40795 s.
Remaining time to nominal termination deadline: 40554 s.
Remaining time to nominal termination deadline: 40314 s.
Remaining time to nominal termination deadline: 40074 s.
Remaining time to nominal termination deadline: 39834 s.
Remaining time to nominal termination deadline: 39594 s.
Remaining time to nominal termination deadline: 39354 s.
Remaining time to nominal termination deadline: 39114 s.
Remaining time to nominal termination deadline: 38874 s.
Remaining time to nominal termination deadline: 38634 s.
Remaining time to nominal termination deadline: 38394 s.
Remaining time to nominal termination deadline: 38154 s.
Remaining time to nominal termination deadline: 37914 s.
Remaining time to nominal termination deadline: 37674 s.
Remaining time to nominal termination deadline: 37434 s.
Remaining time to nominal termination deadline: 37194 s.
Remaining time to nominal termination deadline: 36954 s.
Remaining time to nominal termination deadline: 36714 s.
Remaining time to nominal termination deadline: 36474 s.
Remaining time to nominal termination deadline: 36234 s.
Remaining time to nominal termination deadline: 35994 s.
Remaining time to nominal termination deadline: 35754 s.
Remaining time to nominal termination deadline: 35514 s.
Remaining time to nominal termination deadline: 35274 s.
Remaining time to nominal termination deadline: 35034 s.
Remaining time to nominal termination deadline: 34794 s.
Remaining time to nominal termination deadline: 34554 s.
Remaining time to nominal termination deadline: 34313 s.
Remaining time to nominal termination deadline: 34073 s.
Remaining time to nominal termination deadline: 33833 s.
Remaining time to nominal termination deadline: 33593 s.
Remaining time to nominal termination deadline: 33353 s.
Remaining time to nominal termination deadline: 33113 s.
Remaining time to nominal termination deadline: 32873 s.
Remaining time to nominal termination deadline: 32633 s.
Remaining time to nominal termination deadline: 32393 s.
Remaining time to nominal termination deadline: 32153 s.
Remaining time to nominal termination deadline: 31913 s.
Remaining time to nominal termination deadline: 31673 s.
Remaining time to nominal termination deadline: 31433 s.
Remaining time to nominal termination deadline: 31193 s.
Remaining time to nominal termination deadline: 30953 s.
Remaining time to nominal termination deadline: 30713 s.
Remaining time to nominal termination deadline: 30473 s.
Remaining time to nominal termination deadline: 30233 s.
Remaining time to nominal termination deadline: 29992 s.
Remaining time to nominal termination deadline: 29752 s.
Remaining time to nominal termination deadline: 29512 s.
Remaining time to nominal termination deadline: 29272 s.
Remaining time to nominal termination deadline: 29032 s.
Remaining time to nominal termination deadline: 28792 s.
Remaining time to nominal termination deadline: 28552 s.
Remaining time to nominal termination deadline: 28312 s.
Remaining time to nominal termination deadline: 28072 s.
Remaining time to nominal termination deadline: 27832 s.
Remaining time to nominal termination deadline: 27592 s.
Remaining time to nominal termination deadline: 27352 s.
Remaining time to nominal termination deadline: 27112 s.
Remaining time to nominal termination deadline: 26872 s.
Remaining time to nominal termination deadline: 26632 s.
Remaining time to nominal termination deadline: 26392 s.
Remaining time to nominal termination deadline: 26152 s.
Remaining time to nominal termination deadline: 25912 s.
Remaining time to nominal termination deadline: 25672 s.
Remaining time to nominal termination deadline: 25432 s.
Remaining time to nominal termination deadline: 25191 s.
Remaining time to nominal termination deadline: 24951 s.
Remaining time to nominal termination deadline: 24711 s.
Remaining time to nominal termination deadline: 24471 s.
Remaining time to nominal termination deadline: 24231 s.
Remaining time to nominal termination deadline: 23991 s.
Remaining time to nominal termination deadline: 23751 s.
Remaining time to nominal termination deadline: 23511 s.
Remaining time to nominal termination deadline: 23271 s.
Remaining time to nominal termination deadline: 23031 s.
Remaining time to nominal termination deadline: 22791 s.
Remaining time to nominal termination deadline: 22551 s.
Remaining time to nominal termination deadline: 22311 s.
Remaining time to nominal termination deadline: 22071 s.
Remaining time to nominal termination deadline: 21831 s.
Remaining time to nominal termination deadline: 21591 s.
Remaining time to nominal termination deadline: 21351 s.
Remaining time to nominal termination deadline: 21110 s.
Remaining time to nominal termination deadline: 20870 s.
Remaining time to nominal termination deadline: 20630 s.
Remaining time to nominal termination deadline: 20390 s.
Remaining time to nominal termination deadline: 20150 s.
Remaining time to nominal termination deadline: 19910 s.
Remaining time to nominal termination deadline: 19670 s.
Remaining time to nominal termination deadline: 19430 s.
Remaining time to nominal termination deadline: 19190 s.
Remaining time to nominal termination deadline: 18950 s.
Remaining time to nominal termination deadline: 18710 s.
Remaining time to nominal termination deadline: 18470 s.
Remaining time to nominal termination deadline: 18230 s.
Remaining time to nominal termination deadline: 17990 s.
Remaining time to nominal termination deadline: 17750 s.
Remaining time to nominal termination deadline: 17510 s.
Remaining time to nominal termination deadline: 17270 s.
Remaining time to nominal termination deadline: 17030 s.
Remaining time to nominal termination deadline: 16790 s.
Remaining time to nominal termination deadline: 16550 s.
Remaining time to nominal termination deadline: 16310 s.
Remaining time to nominal termination deadline: 16069 s.
Remaining time to nominal termination deadline: 15829 s.
Remaining time to nominal termination deadline: 15589 s.
Remaining time to nominal termination deadline: 15349 s.
Remaining time to nominal termination deadline: 15109 s.
Remaining time to nominal termination deadline: 14869 s.
Remaining time to nominal termination deadline: 14629 s.
Remaining time to nominal termination deadline: 14389 s.
Remaining time to nominal termination deadline: 14149 s.
Remaining time to nominal termination deadline: 13909 s.
Remaining time to nominal termination deadline: 13669 s.
Remaining time to nominal termination deadline: 13429 s.
Remaining time to nominal termination deadline: 13189 s.
Remaining time to nominal termination deadline: 12949 s.
Remaining time to nominal termination deadline: 12709 s.
Remaining time to nominal termination deadline: 12468 s.
Remaining time to nominal termination deadline: 12228 s.
Remaining time to nominal termination deadline: 11988 s.
Remaining time to nominal termination deadline: 11748 s.
Remaining time to nominal termination deadline: 11508 s.
Remaining time to nominal termination deadline: 11268 s.
Remaining time to nominal termination deadline: 11028 s.
Remaining time to nominal termination deadline: 10788 s.
Remaining time to nominal termination deadline: 10548 s.
Remaining time to nominal termination deadline: 10308 s.
Remaining time to nominal termination deadline: 10068 s.
Remaining time to nominal termination deadline: 9828 s.
Remaining time to nominal termination deadline: 9588 s.
Remaining time to nominal termination deadline: 9348 s.
Remaining time to nominal termination deadline: 9108 s.
Remaining time to nominal termination deadline: 8868 s.
Remaining time to nominal termination deadline: 8628 s.
Remaining time to nominal termination deadline: 8388 s.
Remaining time to nominal termination deadline: 8148 s.
Remaining time to nominal termination deadline: 7908 s.
Remaining time to nominal termination deadline: 7668 s.
Remaining time to nominal termination deadline: 7428 s.
Remaining time to nominal termination deadline: 7188 s.
Remaining time to nominal termination deadline: 6948 s.
Remaining time to nominal termination deadline: 6708 s.
Remaining time to nominal termination deadline: 6468 s.
Remaining time to nominal termination deadline: 6228 s.
Remaining time to nominal termination deadline: 5988 s.
Remaining time to nominal termination deadline: 5748 s.
Remaining time to nominal termination deadline: 5508 s.
Remaining time to nominal termination deadline: 5268 s.
Remaining time to nominal termination deadline: 5028 s.
Remaining time to nominal termination deadline: 4787 s.
Remaining time to nominal termination deadline: 4547 s.
Remaining time to nominal termination deadline: 4307 s.
Remaining time to nominal termination deadline: 4067 s.
Remaining time to nominal termination deadline: 3827 s.
Remaining time to nominal termination deadline: 3587 s.
Remaining time to nominal termination deadline: 3347 s.
Remaining time to nominal termination deadline: 3107 s.
Remaining time to nominal termination deadline: 2867 s.
Remaining time to nominal termination deadline: 2627 s.
Remaining time to nominal termination deadline: 2387 s.
Remaining time to nominal termination deadline: 2147 s.
Remaining time to nominal termination deadline: 1907 s.
Remaining time to nominal termination deadline: 1667 s.
Remaining time to nominal termination deadline: 1427 s.
Remaining time to nominal termination deadline: 1187 s.
Remaining time to nominal termination deadline: 947 s.
Remaining time to nominal termination deadline: 707 s.
Remaining time to nominal termination deadline: 467 s.
Sending termination signal to job...
/home/apatrizi/ibrido-containers/ibrido_u22/singularity/franklin/slurm/prescia_script.sh: line 34: send_signal_from_within: command not found
slurmstepd: error: *** JOB 177847 ON afnode01 CANCELLED AT 2025-12-19T10:35:23 DUE TO TIME LIMIT ***
execute.sh: Cleaning up and sending SIGINT to training process...
launch_training.sh: sending SIGINT to all child processes...
/home/apatrizi/ibrido-containers/ibrido_u22/singularity/execute.sh: line 20: kill: `': not a pid or valid job spec
