Remaining time to nominal termination deadline: 64800 s.
execute.sh: Failed to locate training process PID.
WARNING: Error changing the container working directory. Using '/' instead: chdir /home/apatrizi: no such file or directory

launch_training.sh: logging output to->
remote env: /root/ibrido_logs/ibrido_run__2025_12_17_21_44_09_ID177431/ibrido_remote_env___2025_12_17_21_44_09_ID177431.log
rhc cluster: /root/ibrido_logs/ibrido_run__2025_12_17_21_44_09_ID177431/ibrido_rhc_cluster___2025_12_17_21_44_09_ID177431.log
train. env: /root/ibrido_logs/ibrido_run__2025_12_17_21_44_09_ID177431/ibrido_train_env___2025_12_17_21_44_09_ID177431.log
log bag: /root/ibrido_logs/ibrido_run__2025_12_17_21_44_09_ID177431/ibrido_rosbag_env___2025_12_17_21_44_09_ID177431.log

Will use shared memory namespace centauro_big_wheels_ub_2025_12_17_21_44_09_ID177431
wandb: WARNING Path /wandb/ wasn't writable, using system temp directory
wandb: WARNING Failed to create global config settings in: /root/.config/wandb. Settings will not be persisted.
wandb: Appending key for api.wandb.ai to your netrc file: /root/.netrc
wandb: W&B API key is configured. Use `wandb login --relogin` to force relogin
Remaining time to nominal termination deadline: 64560 s.
Remaining time to nominal termination deadline: 64320 s.
Remaining time to nominal termination deadline: 64080 s.
Remaining time to nominal termination deadline: 63840 s.
Remaining time to nominal termination deadline: 63599 s.
Remaining time to nominal termination deadline: 63359 s.
Remaining time to nominal termination deadline: 63119 s.
Remaining time to nominal termination deadline: 62879 s.
Remaining time to nominal termination deadline: 62639 s.
Remaining time to nominal termination deadline: 62399 s.
Remaining time to nominal termination deadline: 62159 s.
Remaining time to nominal termination deadline: 61919 s.
Remaining time to nominal termination deadline: 61679 s.
Remaining time to nominal termination deadline: 61439 s.
Remaining time to nominal termination deadline: 61199 s.
Remaining time to nominal termination deadline: 60959 s.
Remaining time to nominal termination deadline: 60719 s.
Remaining time to nominal termination deadline: 60479 s.
Remaining time to nominal termination deadline: 60239 s.
Remaining time to nominal termination deadline: 59999 s.
Remaining time to nominal termination deadline: 59759 s.
Remaining time to nominal termination deadline: 59519 s.
Remaining time to nominal termination deadline: 59279 s.
Remaining time to nominal termination deadline: 59039 s.
Remaining time to nominal termination deadline: 58799 s.
Remaining time to nominal termination deadline: 58559 s.
Remaining time to nominal termination deadline: 58319 s.
Remaining time to nominal termination deadline: 58079 s.
Remaining time to nominal termination deadline: 57838 s.
Remaining time to nominal termination deadline: 57598 s.
Remaining time to nominal termination deadline: 57358 s.
Remaining time to nominal termination deadline: 57118 s.
Remaining time to nominal termination deadline: 56878 s.
Remaining time to nominal termination deadline: 56638 s.
Remaining time to nominal termination deadline: 56398 s.
Remaining time to nominal termination deadline: 56158 s.
Remaining time to nominal termination deadline: 55918 s.
Remaining time to nominal termination deadline: 55678 s.
Remaining time to nominal termination deadline: 55438 s.
Remaining time to nominal termination deadline: 55198 s.
Remaining time to nominal termination deadline: 54958 s.
Remaining time to nominal termination deadline: 54718 s.
Remaining time to nominal termination deadline: 54478 s.
Remaining time to nominal termination deadline: 54238 s.
Remaining time to nominal termination deadline: 53998 s.
Remaining time to nominal termination deadline: 53758 s.
Remaining time to nominal termination deadline: 53518 s.
Remaining time to nominal termination deadline: 53278 s.
Remaining time to nominal termination deadline: 53038 s.
Remaining time to nominal termination deadline: 52798 s.
Remaining time to nominal termination deadline: 52558 s.
Remaining time to nominal termination deadline: 52317 s.
Remaining time to nominal termination deadline: 52077 s.
Remaining time to nominal termination deadline: 51837 s.
Remaining time to nominal termination deadline: 51597 s.
Remaining time to nominal termination deadline: 51357 s.
Remaining time to nominal termination deadline: 51117 s.
Remaining time to nominal termination deadline: 50877 s.
Remaining time to nominal termination deadline: 50637 s.
Remaining time to nominal termination deadline: 50397 s.
Remaining time to nominal termination deadline: 50157 s.
Remaining time to nominal termination deadline: 49917 s.
Remaining time to nominal termination deadline: 49677 s.
Remaining time to nominal termination deadline: 49437 s.
Remaining time to nominal termination deadline: 49197 s.
Remaining time to nominal termination deadline: 48957 s.
Remaining time to nominal termination deadline: 48717 s.
Remaining time to nominal termination deadline: 48477 s.
Remaining time to nominal termination deadline: 48237 s.
Remaining time to nominal termination deadline: 47997 s.
Remaining time to nominal termination deadline: 47757 s.
Remaining time to nominal termination deadline: 47517 s.
Remaining time to nominal termination deadline: 47277 s.
Remaining time to nominal termination deadline: 47037 s.
Remaining time to nominal termination deadline: 46797 s.
Remaining time to nominal termination deadline: 46557 s.
Remaining time to nominal termination deadline: 46317 s.
Remaining time to nominal termination deadline: 46077 s.
Remaining time to nominal termination deadline: 45837 s.
Remaining time to nominal termination deadline: 45597 s.
Remaining time to nominal termination deadline: 45356 s.
Remaining time to nominal termination deadline: 45116 s.
Remaining time to nominal termination deadline: 44876 s.
Remaining time to nominal termination deadline: 44636 s.
Remaining time to nominal termination deadline: 44396 s.
Remaining time to nominal termination deadline: 44156 s.
Remaining time to nominal termination deadline: 43916 s.
Remaining time to nominal termination deadline: 43676 s.
Remaining time to nominal termination deadline: 43436 s.
Remaining time to nominal termination deadline: 43196 s.
Remaining time to nominal termination deadline: 42956 s.
Remaining time to nominal termination deadline: 42716 s.
Remaining time to nominal termination deadline: 42476 s.
Remaining time to nominal termination deadline: 42236 s.
Remaining time to nominal termination deadline: 41996 s.
Remaining time to nominal termination deadline: 41756 s.
Remaining time to nominal termination deadline: 41516 s.
Remaining time to nominal termination deadline: 41276 s.
Remaining time to nominal termination deadline: 41036 s.
Remaining time to nominal termination deadline: 40796 s.
Remaining time to nominal termination deadline: 40555 s.
Remaining time to nominal termination deadline: 40315 s.
Remaining time to nominal termination deadline: 40075 s.
Remaining time to nominal termination deadline: 39835 s.
Remaining time to nominal termination deadline: 39595 s.
Remaining time to nominal termination deadline: 39355 s.
Remaining time to nominal termination deadline: 39115 s.
Remaining time to nominal termination deadline: 38875 s.
Remaining time to nominal termination deadline: 38635 s.
Remaining time to nominal termination deadline: 38395 s.
Remaining time to nominal termination deadline: 38155 s.
Remaining time to nominal termination deadline: 37915 s.
Remaining time to nominal termination deadline: 37675 s.
Remaining time to nominal termination deadline: 37435 s.
Remaining time to nominal termination deadline: 37195 s.
Remaining time to nominal termination deadline: 36955 s.
Remaining time to nominal termination deadline: 36715 s.
Remaining time to nominal termination deadline: 36475 s.
Remaining time to nominal termination deadline: 36235 s.
Remaining time to nominal termination deadline: 35995 s.
Remaining time to nominal termination deadline: 35755 s.
Remaining time to nominal termination deadline: 35515 s.
Remaining time to nominal termination deadline: 35275 s.
Remaining time to nominal termination deadline: 35035 s.
Remaining time to nominal termination deadline: 34794 s.
Remaining time to nominal termination deadline: 34554 s.
Remaining time to nominal termination deadline: 34314 s.
Remaining time to nominal termination deadline: 34074 s.
Remaining time to nominal termination deadline: 33834 s.
Remaining time to nominal termination deadline: 33594 s.
Remaining time to nominal termination deadline: 33354 s.
Remaining time to nominal termination deadline: 33114 s.
Remaining time to nominal termination deadline: 32874 s.
Remaining time to nominal termination deadline: 32634 s.
Remaining time to nominal termination deadline: 32394 s.
Remaining time to nominal termination deadline: 32154 s.
Remaining time to nominal termination deadline: 31914 s.
Remaining time to nominal termination deadline: 31674 s.
Remaining time to nominal termination deadline: 31434 s.
Remaining time to nominal termination deadline: 31194 s.
Remaining time to nominal termination deadline: 30954 s.
Remaining time to nominal termination deadline: 30714 s.
Remaining time to nominal termination deadline: 30474 s.
Remaining time to nominal termination deadline: 30234 s.
Remaining time to nominal termination deadline: 29994 s.
Remaining time to nominal termination deadline: 29754 s.
Remaining time to nominal termination deadline: 29514 s.
Remaining time to nominal termination deadline: 29273 s.
Remaining time to nominal termination deadline: 29033 s.
Remaining time to nominal termination deadline: 28793 s.
Remaining time to nominal termination deadline: 28553 s.
Remaining time to nominal termination deadline: 28313 s.
Remaining time to nominal termination deadline: 28073 s.
Remaining time to nominal termination deadline: 27833 s.
Remaining time to nominal termination deadline: 27593 s.
Remaining time to nominal termination deadline: 27353 s.
Remaining time to nominal termination deadline: 27113 s.
Remaining time to nominal termination deadline: 26873 s.
Remaining time to nominal termination deadline: 26633 s.
Remaining time to nominal termination deadline: 26393 s.
Remaining time to nominal termination deadline: 26153 s.
Remaining time to nominal termination deadline: 25913 s.
Remaining time to nominal termination deadline: 25673 s.
Remaining time to nominal termination deadline: 25433 s.
Remaining time to nominal termination deadline: 25193 s.
Remaining time to nominal termination deadline: 24953 s.
Remaining time to nominal termination deadline: 24713 s.
Remaining time to nominal termination deadline: 24473 s.
Remaining time to nominal termination deadline: 24232 s.
Remaining time to nominal termination deadline: 23992 s.
Remaining time to nominal termination deadline: 23752 s.
Remaining time to nominal termination deadline: 23512 s.
Remaining time to nominal termination deadline: 23272 s.
Remaining time to nominal termination deadline: 23032 s.
Remaining time to nominal termination deadline: 22792 s.
Remaining time to nominal termination deadline: 22552 s.
Remaining time to nominal termination deadline: 22312 s.
Remaining time to nominal termination deadline: 22072 s.
Remaining time to nominal termination deadline: 21832 s.
Remaining time to nominal termination deadline: 21592 s.
Remaining time to nominal termination deadline: 21352 s.
Remaining time to nominal termination deadline: 21112 s.
Remaining time to nominal termination deadline: 20872 s.
Remaining time to nominal termination deadline: 20632 s.
Remaining time to nominal termination deadline: 20392 s.
Remaining time to nominal termination deadline: 20152 s.
Remaining time to nominal termination deadline: 19911 s.
Remaining time to nominal termination deadline: 19671 s.
Remaining time to nominal termination deadline: 19431 s.
Remaining time to nominal termination deadline: 19191 s.
Remaining time to nominal termination deadline: 18951 s.
Remaining time to nominal termination deadline: 18711 s.
Remaining time to nominal termination deadline: 18471 s.
Remaining time to nominal termination deadline: 18231 s.
Remaining time to nominal termination deadline: 17991 s.
Remaining time to nominal termination deadline: 17751 s.
Remaining time to nominal termination deadline: 17511 s.
Remaining time to nominal termination deadline: 17271 s.
Remaining time to nominal termination deadline: 17031 s.
Remaining time to nominal termination deadline: 16791 s.
Remaining time to nominal termination deadline: 16551 s.
Remaining time to nominal termination deadline: 16311 s.
Remaining time to nominal termination deadline: 16071 s.
Remaining time to nominal termination deadline: 15831 s.
Remaining time to nominal termination deadline: 15591 s.
Remaining time to nominal termination deadline: 15351 s.
Remaining time to nominal termination deadline: 15111 s.
Remaining time to nominal termination deadline: 14870 s.
Remaining time to nominal termination deadline: 14630 s.
Remaining time to nominal termination deadline: 14390 s.
Remaining time to nominal termination deadline: 14150 s.
Remaining time to nominal termination deadline: 13910 s.
Remaining time to nominal termination deadline: 13670 s.
Remaining time to nominal termination deadline: 13430 s.
Remaining time to nominal termination deadline: 13190 s.
/root/ibrido_utils/launch_training.sh: line 263: 2804095 Killed                  python $LRHC_DIR/utilities/launch_periodic_bag_dump.py $rosbag_cmd > "$log_bag" 2>&1
launch_training.sh: sending SIGINT to all child processes...
launch_training.sh: waiting for child processes to exit...
launch_training.sh: all child processes have exited.
INFO:    Terminating squashfuse_ll after timeout
INFO:    Timeouts can be caused by a running background process
